-25216

Process Data: 
CPU Time: 6
Waiting Time: 0
I/O Time: 27
Memory Stack Size: 36

CPU Data: 
Final Clock : 13814.00
CPU Utilization : 99.61%
User Utilization : 17.96%
Throughput : 1.38


CPU Data: 
Final Clock : 13814.00
CPU Utilization : 99.61%
User Utilization : 17.96%
Throughput : 1.38

CPU Data: 
Final Clock : 13814.00
CPU Utilization : 99.61%
User Utilization : 17.96%
Throughput : 1.38

CPU Data: 
Final Clock : 13814.00
CPU Utilization : 99.61%
User Utilization : 17.96%
Throughput : 1.38

CPU Data: 
Final Clock : 13814.00
CPU Utilization : 99.61%
User Utilization : 17.96%
Throughput : 1.38

CPU Data: 
Final Clock : 13814.00
CPU Utilization : 99.61%
User Utilization : 17.96%
Throughput : 1.38

CPU Data: 
Final Clock : 13824.00
CPU Utilization : 99.61%
User Utilization : 17.95%
Throughput : 1.38

CPU Data: 
Final Clock : 13824.00
CPU Utilization : 99.61%
User Utilization : 17.95%
Throughput : 1.38

CPU Data: 
Final Clock : 4298.00
CPU Utilization : 7.45%
User Utilization : 57.72%
Throughput : 0.43

CPU Data: 
Final Clock : 4298.00
CPU Utilization : 7.45%
User Utilization : 57.72%
Throughput : 0.43

CPU Data: 
Final Clock : 4298.00
CPU Utilization : 7.45%
User Utilization : 57.72%
Throughput : 0.43

CPU Data: 
Final Clock : 4298.00
CPU Utilization : 7.45%
User Utilization : 57.72%
Throughput : 0.43

CPU Data: 
Final Clock : 4298.00
CPU Utilization : 7.45%
User Utilization : 57.72%
Throughput : 0.43

CPU Data: 
Final Clock : 4298.00
CPU Utilization : 7.45%
User Utilization : 57.72%
Throughput : 0.43

CPU Data: 
Final Clock : 4298.00
CPU Utilization : 7.45%
User Utilization : 57.72%
Throughput : 0.43

CPU Data: 
Final Clock : 4298.00
CPU Utilization : 7.45%
User Utilization : 57.72%
Throughput : 0.43

CPU Data: 
Final Clock : 4298.00
CPU Utilization : 7.45%
User Utilization : 57.72%
Throughput : 0.43
